{
  "status": "REQUEST_SUCCEEDED",
  "responseTime": 95,
  "message": [],
  "Results": {
    "series": [
      {
        "seriesID": "CUUR0000SA0",
        "data": [
          {
            "year": "2025",
            "period": "M04",
            "periodName": "April",
            "latest": "true",
            "value": "320.795",
            "footnotes": [
              {}
            ],
            "calculations": {
              "net_changes": {},
              "pct_changes": {
                "1": "0.3",
                "3": "1.0",
                "6": "1.6",
                "12": "2.3"
              }
            }
          },
          {
            "year": "2025",
            "period": "M03",
            "periodName": "March",
            "value": "319.799",
            "footnotes": [
              {}
            ],
            "calculations": {
              "net_changes": {},
              "pct_changes": {
                "1": "0.2",
                "3": "1.3",
                "6": "1.4",
                "12": "2.4"
              }
            }
          },
          {
            "year": "2025",
            "period": "M02",
            "periodName": "February",
            "value": "319.082",
            "footnotes": [
              {}
            ],
            "calculations": {
              "net_changes": {},
              "pct_changes": {
                "1": "0.4",
                "3": "1.1",
                "6": "1.4",
                "12": "2.8"
              }
            }
          },
          {
            "year": "2025",
            "period": "M01",
            "periodName": "January",
            "value": "317.671",
            "footnotes": [
              {}
            ],
            "calculations": {
              "net_changes": {},
              "pct_changes": {
                "1": "0.7",
                "3": "0.6",
                "6": "1.0",
                "12": "3.0"
              }
            }
          },
          {
            "year": "2024",
            "period": "M12",
            "periodName": "December",
            "value": "315.605",
            "footnotes": [
              {}
            ],
            "calculations": {
              "net_changes": {},
              "pct_changes": {
                "1": "0.0",
                "3": "0.1",
                "6": "0.5",
                "12": "2.9"
              }
            }
          },
          {
            "year": "2024",
            "period": "M11",
            "periodName": "November",
            "value": "315.493",
            "footnotes": [
              {}
            ],
            "calculations": {
              "net_changes": {},
              "pct_changes": {
                "1": "-0.1",
                "3": "0.2",
                "6": "0.5",
                "12": "2.7"
              }
            }
          },
          {
            "year": "2024",
            "period": "M10",
            "periodName": "October",
            "value": "315.664",
            "footnotes": [
              {}
            ],
            "calculations": {
              "net_changes": {},
              "pct_changes": {
                "1": "0.1",
                "3": "0.4",
                "6": "0.7",
                "12": "2.6"
              }
            }
          },
          {
            "year": "2024",
            "period": "M09",
            "periodName": "September",
            "value": "315.301",
            "footnotes": [
              {}
            ],
            "calculations": {
              "net_changes": {},
              "pct_changes": {
                "1": "0.2",
                "3": "0.4",
                "6": "1.0",
                "12": "2.4"
              }
            }
          },
          {
            "year": "2024",
            "period": "M08",
            "periodName": "August",
            "value": "314.796",
            "footnotes": [
              {}
            ],
            "calculations": {
              "net_changes": {},
              "pct_changes": {
                "1": "0.1",
                "3": "0.2",
                "6": "1.4",
                "12": "2.5"
              }
            }
          },
          {
            "year": "2024",
            "period": "M07",
            "periodName": "July",
            "value": "314.540",
            "footnotes": [
              {}
            ],
            "calculations": {
              "net_changes": {},
              "pct_changes": {
                "1": "0.1",
                "3": "0.3",
                "6": "2.0",
                "12": "2.9"
              }
            }
          },
          {
            "year": "2024",
            "period": "M06",
            "periodName": "June",
            "value": "314.175",
            "footnotes": [
              {}
            ],
            "calculations": {
              "net_changes": {},
              "pct_changes": {
                "1": "0.0",
                "3": "0.6",
                "6": "2.4",
                "12": "3.0"
              }
            }
          },
          {
            "year": "2024",
            "period": "M05",
            "periodName": "May",
            "value": "314.069",
            "footnotes": [
              {}
            ],
            "calculations": {
              "net_changes": {},
              "pct_changes": {
                "1": "0.2",
                "3": "1.2",
                "6": "2.3",
                "12": "3.3"
              }
            }
          },
          {
            "year": "2024",
            "period": "M04",
            "periodName": "April",
            "value": "313.548",
            "footnotes": [
              {}
            ],
            "calculations": {
              "net_changes": {},
              "pct_changes": {
                "1": "0.4",
                "3": "1.7",
                "6": "1.9",
                "12": "3.4"
              }
            }
          },
          {
            "year": "2024",
            "period": "M03",
            "periodName": "March",
            "value": "312.332",
            "footnotes": [
              {}
            ],
            "calculations": {
              "net_changes": {},
              "pct_changes": {
                "1": "0.6",
                "3": "1.8",
                "6": "1.5",
                "12": "3.5"
              }
            }
          },
          {
            "year": "2024",
            "period": "M02",
            "periodName": "February",
            "value": "310.326",
            "footnotes": [
              {}
            ],
            "calculations": {
              "net_changes": {},
              "pct_changes": {
                "1": "0.6",
                "3": "1.1",
                "6": "1.1",
                "12": "3.2"
              }
            }
          },
          {
            "year": "2024",
            "period": "M01",
            "periodName": "January",
            "value": "308.417",
            "footnotes": [
              {}
            ],
            "calculations": {
              "net_changes": {},
              "pct_changes": {
                "1": "0.5",
                "3": "0.2",
                "6": "0.9",
                "12": "3.1"
              }
            }
          },
          {
            "year": "2023",
            "period": "M12",
            "periodName": "December",
            "value": "306.746",
            "footnotes": [
              {}
            ],
            "calculations": {
              "net_changes": {},
              "pct_changes": {
                "1": "-0.1",
                "3": "-0.3",
                "6": "0.5",
                "12": "3.4"
              }
            }
          },
          {
            "year": "2023",
            "period": "M11",
            "periodName": "November",
            "value": "307.051",
            "footnotes": [
              {}
            ],
            "calculations": {
              "net_changes": {},
              "pct_changes": {
                "1": "-0.2",
                "3": "0.0",
                "6": "1.0",
                "12": "3.1"
              }
            }
          },
          {
            "year": "2023",
            "period": "M10",
            "periodName": "October",
            "value": "307.671",
            "footnotes": [
              {}
            ],
            "calculations": {
              "net_changes": {},
              "pct_changes": {
                "1": "0.0",
                "3": "0.6",
                "6": "1.4",
                "12": "3.2"
              }
            }
          },
          {
            "year": "2023",
            "period": "M09",
            "periodName": "September",
            "value": "307.789",
            "footnotes": [
              {}
            ],
            "calculations": {
              "net_changes": {},
              "pct_changes": {
                "1": "0.2",
                "3": "0.9",
                "6": "2.0",
                "12": "3.7"
              }
            }
          },
          {
            "year": "2023",
            "period": "M08",
            "periodName": "August",
            "value": "307.026",
            "footnotes": [
              {}
            ],
            "calculations": {
              "net_changes": {},
              "pct_changes": {
                "1": "0.4",
                "3": "1.0",
                "6": "2.1",
                "12": "3.7"
              }
            }
          },
          {
            "year": "2023",
            "period": "M07",
            "periodName": "July",
            "value": "305.691",
            "footnotes": [
              {}
            ],
            "calculations": {
              "net_changes": {},
              "pct_changes": {
                "1": "0.2",
                "3": "0.8",
                "6": "2.2",
                "12": "3.2"
              }
            }
          },
          {
            "year": "2023",
            "period": "M06",
            "periodName": "June",
            "value": "305.109",
            "footnotes": [
              {}
            ],
            "calculations": {
              "net_changes": {},
              "pct_changes": {
                "1": "0.3",
                "3": "1.1",
                "6": "2.8",
                "12": "3.0"
              }
            }
          },
          {
            "year": "2023",
            "period": "M05",
            "periodName": "May",
            "value": "304.127",
            "footnotes": [
              {}
            ],
            "calculations": {
              "net_changes": {},
              "pct_changes": {
                "1": "0.3",
                "3": "1.1",
                "6": "2.2",
                "12": "4.0"
              }
            }
          },
          {
            "year": "2023",
            "period": "M04",
            "periodName": "April",
            "value": "303.363",
            "footnotes": [
              {}
            ],
            "calculations": {
              "net_changes": {},
              "pct_changes": {
                "1": "0.5",
                "3": "1.4",
                "6": "1.8",
                "12": "4.9"
              }
            }
          },
          {
            "year": "2023",
            "period": "M03",
            "periodName": "March",
            "value": "301.836",
            "footnotes": [
              {}
            ],
            "calculations": {
              "net_changes": {},
              "pct_changes": {
                "1": "0.3",
                "3": "1.7",
                "6": "1.7",
                "12": "5.0"
              }
            }
          },
          {
            "year": "2023",
            "period": "M02",
            "periodName": "February",
            "value": "300.840",
            "footnotes": [
              {}
            ],
            "calculations": {
              "net_changes": {},
              "pct_changes": {
                "1": "0.6",
                "3": "1.1",
                "6": "1.6",
                "12": "6.0"
              }
            }
          },
          {
            "year": "2023",
            "period": "M01",
            "periodName": "January",
            "value": "299.170",
            "footnotes": [
              {}
            ],
            "calculations": {
              "net_changes": {},
              "pct_changes": {
                "1": "0.8",
                "3": "0.4",
                "6": "1.0",
                "12": "6.4"
              }
            }
          },
          {
            "year": "2022",
            "period": "M12",
            "periodName": "December",
            "value": "296.797",
            "footnotes": [
              {}
            ],
            "calculations": {
              "net_changes": {},
              "pct_changes": {
                "1": "-0.3",
                "3": "0.0",
                "6": "0.2",
                "12": "6.5"
              }
            }
          },
          {
            "year": "2022",
            "period": "M11",
            "periodName": "November",
            "value": "297.711",
            "footnotes": [
              {}
            ],
            "calculations": {
              "net_changes": {},
              "pct_changes": {
                "1": "-0.1",
                "3": "0.5",
                "6": "1.9",
                "12": "7.1"
              }
            }
          },
          {
            "year": "2022",
            "period": "M10",
            "periodName": "October",
            "value": "298.012",
            "footnotes": [
              {}
            ],
            "calculations": {
              "net_changes": {},
              "pct_changes": {
                "1": "0.4",
                "3": "0.6",
                "6": "3.1",
                "12": "7.7"
              }
            }
          },
          {
            "year": "2022",
            "period": "M09",
            "periodName": "September",
            "value": "296.808",
            "footnotes": [
              {}
            ],
            "calculations": {
              "net_changes": {},
              "pct_changes": {
                "1": "0.2",
                "3": "0.2",
                "6": "3.2",
                "12": "8.2"
              }
            }
          },
          {
            "year": "2022",
            "period": "M08",
            "periodName": "August",
            "value": "296.171",
            "footnotes": [
              {}
            ],
            "calculations": {
              "net_changes": {},
              "pct_changes": {
                "1": "0.0",
                "3": "1.3",
                "6": "4.4",
                "12": "8.3"
              }
            }
          },
          {
            "year": "2022",
            "period": "M07",
            "periodName": "July",
            "value": "296.276",
            "footnotes": [
              {}
            ],
            "calculations": {
              "net_changes": {},
              "pct_changes": {
                "1": "0.0",
                "3": "2.5",
                "6": "5.4",
                "12": "8.5"
              }
            }
          },
          {
            "year": "2022",
            "period": "M06",
            "periodName": "June",
            "value": "296.311",
            "footnotes": [
              {}
            ],
            "calculations": {
              "net_changes": {},
              "pct_changes": {
                "1": "1.4",
                "3": "3.1",
                "6": "6.3",
                "12": "9.1"
              }
            }
          },
          {
            "year": "2022",
            "period": "M05",
            "periodName": "May",
            "value": "292.296",
            "footnotes": [
              {}
            ],
            "calculations": {
              "net_changes": {},
              "pct_changes": {
                "1": "1.1",
                "3": "3.0",
                "6": "5.2",
                "12": "8.6"
              }
            }
          },
          {
            "year": "2022",
            "period": "M04",
            "periodName": "April",
            "value": "289.109",
            "footnotes": [
              {}
            ],
            "calculations": {
              "net_changes": {},
              "pct_changes": {
                "1": "0.6",
                "3": "2.8",
                "6": "4.5",
                "12": "8.3"
              }
            }
          },
          {
            "year": "2022",
            "period": "M03",
            "periodName": "March",
            "value": "287.504",
            "footnotes": [
              {}
            ],
            "calculations": {
              "net_changes": {},
              "pct_changes": {
                "1": "1.3",
                "3": "3.1",
                "6": "4.8",
                "12": "8.5"
              }
            }
          },
          {
            "year": "2022",
            "period": "M02",
            "periodName": "February",
            "value": "283.716",
            "footnotes": [
              {}
            ],
            "calculations": {
              "net_changes": {},
              "pct_changes": {
                "1": "0.9",
                "3": "2.1",
                "6": "3.7",
                "12": "7.9"
              }
            }
          },
          {
            "year": "2022",
            "period": "M01",
            "periodName": "January",
            "value": "281.148",
            "footnotes": [
              {}
            ],
            "calculations": {
              "net_changes": {},
              "pct_changes": {
                "1": "0.8",
                "3": "1.6",
                "6": "3.0",
                "12": "7.5"
              }
            }
          },
          {
            "year": "2021",
            "period": "M12",
            "periodName": "December",
            "value": "278.802",
            "footnotes": [
              {}
            ],
            "calculations": {
              "net_changes": {},
              "pct_changes": {
                "1": "0.3",
                "3": "1.6",
                "6": "2.6",
                "12": "7.0"
              }
            }
          },
          {
            "year": "2021",
            "period": "M11",
            "periodName": "November",
            "value": "277.948",
            "footnotes": [
              {}
            ],
            "calculations": {
              "net_changes": {},
              "pct_changes": {
                "1": "0.5",
                "3": "1.6",
                "6": "3.3",
                "12": "6.8"
              }
            }
          },
          {
            "year": "2021",
            "period": "M10",
            "periodName": "October",
            "value": "276.589",
            "footnotes": [
              {}
            ],
            "calculations": {
              "net_changes": {},
              "pct_changes": {
                "1": "0.8",
                "3": "1.3",
                "6": "3.6",
                "12": "6.2"
              }
            }
          },
          {
            "year": "2021",
            "period": "M09",
            "periodName": "September",
            "value": "274.310",
            "footnotes": [
              {}
            ],
            "calculations": {
              "net_changes": {},
              "pct_changes": {
                "1": "0.3",
                "3": "1.0",
                "6": "3.6",
                "12": "5.4"
              }
            }
          },
          {
            "year": "2021",
            "period": "M08",
            "periodName": "August",
            "value": "273.567",
            "footnotes": [
              {}
            ],
            "calculations": {
              "net_changes": {},
              "pct_changes": {
                "1": "0.2",
                "3": "1.6",
                "6": "4.0",
                "12": "5.3"
              }
            }
          },
          {
            "year": "2021",
            "period": "M07",
            "periodName": "July",
            "value": "273.003",
            "footnotes": [
              {}
            ],
            "calculations": {
              "net_changes": {},
              "pct_changes": {
                "1": "0.5",
                "3": "2.2",
                "6": "4.4",
                "12": "5.4"
              }
            }
          },
          {
            "year": "2021",
            "period": "M06",
            "periodName": "June",
            "value": "271.696",
            "footnotes": [
              {}
            ],
            "calculations": {
              "net_changes": {},
              "pct_changes": {
                "1": "0.9",
                "3": "2.6",
                "6": "4.3",
                "12": "5.4"
              }
            }
          },
          {
            "year": "2021",
            "period": "M05",
            "periodName": "May",
            "value": "269.195",
            "footnotes": [
              {}
            ],
            "calculations": {
              "net_changes": {},
              "pct_changes": {
                "1": "0.8",
                "3": "2.4",
                "6": "3.4",
                "12": "5.0"
              }
            }
          },
          {
            "year": "2021",
            "period": "M04",
            "periodName": "April",
            "value": "267.054",
            "footnotes": [
              {}
            ],
            "calculations": {
              "net_changes": {},
              "pct_changes": {
                "1": "0.8",
                "3": "2.1",
                "6": "2.6",
                "12": "4.2"
              }
            }
          },
          {
            "year": "2021",
            "period": "M03",
            "periodName": "March",
            "value": "264.877",
            "footnotes": [
              {}
            ],
            "calculations": {
              "net_changes": {},
              "pct_changes": {
                "1": "0.7",
                "3": "1.7",
                "6": "1.8",
                "12": "2.6"
              }
            }
          },
          {
            "year": "2021",
            "period": "M02",
            "periodName": "February",
            "value": "263.014",
            "footnotes": [
              {}
            ],
            "calculations": {
              "net_changes": {},
              "pct_changes": {
                "1": "0.5",
                "3": "1.1",
                "6": "1.2",
                "12": "1.7"
              }
            }
          },
          {
            "year": "2021",
            "period": "M01",
            "periodName": "January",
            "value": "261.582",
            "footnotes": [
              {}
            ],
            "calculations": {
              "net_changes": {},
              "pct_changes": {
                "1": "0.4",
                "3": "0.5",
                "6": "1.0",
                "12": "1.4"
              }
            }
          },
          {
            "year": "2020",
            "period": "M12",
            "periodName": "December",
            "value": "260.474",
            "footnotes": [
              {}
            ],
            "calculations": {
              "net_changes": {},
              "pct_changes": {
                "1": "0.1",
                "3": "0.1",
                "6": "1.0",
                "12": "1.4"
              }
            }
          },
          {
            "year": "2020",
            "period": "M11",
            "periodName": "November",
            "value": "260.229",
            "footnotes": [
              {}
            ],
            "calculations": {
              "net_changes": {},
              "pct_changes": {
                "1": "-0.1",
                "3": "0.1",
                "6": "1.5",
                "12": "1.2"
              }
            }
          },
          {
            "year": "2020",
            "period": "M10",
            "periodName": "October",
            "value": "260.388",
            "footnotes": [
              {}
            ],
            "calculations": {
              "net_changes": {},
              "pct_changes": {
                "1": "0.0",
                "3": "0.5",
                "6": "1.6",
                "12": "1.2"
              }
            }
          },
          {
            "year": "2020",
            "period": "M09",
            "periodName": "September",
            "value": "260.280",
            "footnotes": [
              {}
            ],
            "calculations": {
              "net_changes": {},
              "pct_changes": {
                "1": "0.1",
                "3": "1.0",
                "6": "0.8",
                "12": "1.4"
              }
            }
          },
          {
            "year": "2020",
            "period": "M08",
            "periodName": "August",
            "value": "259.918",
            "footnotes": [
              {}
            ],
            "calculations": {
              "net_changes": {},
              "pct_changes": {
                "1": "0.3",
                "3": "1.4",
                "6": "0.5",
                "12": "1.3"
              }
            }
          },
          {
            "year": "2020",
            "period": "M07",
            "periodName": "July",
            "value": "259.101",
            "footnotes": [
              {}
            ],
            "calculations": {
              "net_changes": {},
              "pct_changes": {
                "1": "0.5",
                "3": "1.1",
                "6": "0.4",
                "12": "1.0"
              }
            }
          },
          {
            "year": "2020",
            "period": "M06",
            "periodName": "June",
            "value": "257.797",
            "footnotes": [
              {}
            ],
            "calculations": {
              "net_changes": {},
              "pct_changes": {
                "1": "0.5",
                "3": "-0.1",
                "6": "0.3",
                "12": "0.6"
              }
            }
          },
          {
            "year": "2020",
            "period": "M05",
            "periodName": "May",
            "value": "256.394",
            "footnotes": [
              {}
            ],
            "calculations": {
              "net_changes": {},
              "pct_changes": {
                "1": "0.0",
                "3": "-0.9",
                "6": "-0.3",
                "12": "0.1"
              }
            }
          },
          {
            "year": "2020",
            "period": "M04",
            "periodName": "April",
            "value": "256.389",
            "footnotes": [
              {}
            ],
            "calculations": {
              "net_changes": {},
              "pct_changes": {
                "1": "-0.7",
                "3": "-0.6",
                "6": "-0.4",
                "12": "0.3"
              }
            }
          },
          {
            "year": "2020",
            "period": "M03",
            "periodName": "March",
            "value": "258.115",
            "footnotes": [
              {}
            ],
            "calculations": {
              "net_changes": {},
              "pct_changes": {
                "1": "-0.2",
                "3": "0.4",
                "6": "0.5",
                "12": "1.5"
              }
            }
          },
          {
            "year": "2020",
            "period": "M02",
            "periodName": "February",
            "value": "258.678",
            "footnotes": [
              {}
            ],
            "calculations": {
              "net_changes": {},
              "pct_changes": {
                "1": "0.3",
                "3": "0.6",
                "6": "0.8",
                "12": "2.3"
              }
            }
          },
          {
            "year": "2020",
            "period": "M01",
            "periodName": "January",
            "value": "257.971",
            "footnotes": [
              {}
            ],
            "calculations": {
              "net_changes": {},
              "pct_changes": {
                "1": "0.4",
                "3": "0.2",
                "6": "0.5",
                "12": "2.5"
              }
            }
          }
        ]
      }
    ]
  }
}